<?xml version="1.0" encoding="UTF-8"?>
<testsuite name="com.vedran.serviceb.ServiceBApplicationTests" tests="1" skipped="0" failures="0" errors="0" timestamp="2018-12-11T15:08:20" hostname="ubuntuveca" time="0.062">
  <properties/>
  <testcase name="contextLoads" classname="com.vedran.serviceb.ServiceBApplicationTests" time="0.062"/>
  <system-out><![CDATA[16:07:54.908 [Test worker] DEBUG org.springframework.test.context.junit4.SpringJUnit4ClassRunner - SpringJUnit4ClassRunner constructor called with [class com.vedran.serviceb.ServiceBApplicationTests]
16:07:54.910 [Test worker] DEBUG org.springframework.test.context.BootstrapUtils - Instantiating CacheAwareContextLoaderDelegate from class [org.springframework.test.context.cache.DefaultCacheAwareContextLoaderDelegate]
16:07:54.917 [Test worker] DEBUG org.springframework.test.context.BootstrapUtils - Instantiating BootstrapContext using constructor [public org.springframework.test.context.support.DefaultBootstrapContext(java.lang.Class,org.springframework.test.context.CacheAwareContextLoaderDelegate)]
16:07:54.931 [Test worker] DEBUG org.springframework.test.context.BootstrapUtils - Instantiating TestContextBootstrapper for test class [com.vedran.serviceb.ServiceBApplicationTests] from class [org.springframework.boot.test.context.SpringBootTestContextBootstrapper]
16:07:54.953 [Test worker] INFO org.springframework.boot.test.context.SpringBootTestContextBootstrapper - Neither @ContextConfiguration nor @ContextHierarchy found for test class [com.vedran.serviceb.ServiceBApplicationTests], using SpringBootContextLoader
16:07:54.955 [Test worker] DEBUG org.springframework.test.context.support.AbstractContextLoader - Did not detect default resource location for test class [com.vedran.serviceb.ServiceBApplicationTests]: class path resource [com/vedran/serviceb/ServiceBApplicationTests-context.xml] does not exist
16:07:54.956 [Test worker] DEBUG org.springframework.test.context.support.AbstractContextLoader - Did not detect default resource location for test class [com.vedran.serviceb.ServiceBApplicationTests]: class path resource [com/vedran/serviceb/ServiceBApplicationTestsContext.groovy] does not exist
16:07:54.956 [Test worker] INFO org.springframework.test.context.support.AbstractContextLoader - Could not detect default resource locations for test class [com.vedran.serviceb.ServiceBApplicationTests]: no resource found for suffixes {-context.xml, Context.groovy}.
16:07:54.957 [Test worker] INFO org.springframework.test.context.support.AnnotationConfigContextLoaderUtils - Could not detect default configuration classes for test class [com.vedran.serviceb.ServiceBApplicationTests]: ServiceBApplicationTests does not declare any static, non-private, non-final, nested classes annotated with @Configuration.
16:07:55.148 [Test worker] DEBUG org.springframework.test.context.support.ActiveProfilesUtils - Could not find an 'annotation declaring class' for annotation type [org.springframework.test.context.ActiveProfiles] and class [com.vedran.serviceb.ServiceBApplicationTests]
16:07:55.307 [Test worker] DEBUG org.springframework.context.annotation.ClassPathScanningCandidateComponentProvider - Identified candidate component class: file [/home/vedran/workspace/service-b/build/classes/java/main/com/vedran/serviceb/ServiceBApplication.class]
16:07:55.308 [Test worker] INFO org.springframework.boot.test.context.SpringBootTestContextBootstrapper - Found @SpringBootConfiguration com.vedran.serviceb.ServiceBApplication for test class com.vedran.serviceb.ServiceBApplicationTests
16:07:55.747 [Test worker] DEBUG org.springframework.boot.test.context.SpringBootTestContextBootstrapper - @TestExecutionListeners is not present for class [com.vedran.serviceb.ServiceBApplicationTests]: using defaults.
16:07:55.748 [Test worker] INFO org.springframework.boot.test.context.SpringBootTestContextBootstrapper - Loaded default TestExecutionListener class names from location [META-INF/spring.factories]: [org.springframework.boot.test.autoconfigure.restdocs.RestDocsTestExecutionListener, org.springframework.boot.test.autoconfigure.web.client.MockRestServiceServerResetTestExecutionListener, org.springframework.boot.test.autoconfigure.web.servlet.MockMvcPrintOnlyOnFailureTestExecutionListener, org.springframework.boot.test.autoconfigure.web.servlet.WebDriverTestExecutionListener, org.springframework.boot.test.mock.mockito.MockitoTestExecutionListener, org.springframework.boot.test.mock.mockito.ResetMocksTestExecutionListener, org.springframework.test.context.web.ServletTestExecutionListener, org.springframework.test.context.support.DirtiesContextBeforeModesTestExecutionListener, org.springframework.test.context.support.DependencyInjectionTestExecutionListener, org.springframework.test.context.support.DirtiesContextTestExecutionListener, org.springframework.test.context.transaction.TransactionalTestExecutionListener, org.springframework.test.context.jdbc.SqlScriptsTestExecutionListener]
16:07:55.779 [Test worker] INFO org.springframework.boot.test.context.SpringBootTestContextBootstrapper - Using TestExecutionListeners: [org.springframework.test.context.web.ServletTestExecutionListener@7eec8d9f, org.springframework.test.context.support.DirtiesContextBeforeModesTestExecutionListener@c670373, org.springframework.boot.test.mock.mockito.MockitoTestExecutionListener@46df41a6, org.springframework.boot.test.autoconfigure.SpringBootDependencyInjectionTestExecutionListener@b5d19fe, org.springframework.test.context.support.DirtiesContextTestExecutionListener@1147ed7f, org.springframework.test.context.transaction.TransactionalTestExecutionListener@258f18bf, org.springframework.test.context.jdbc.SqlScriptsTestExecutionListener@1961bfd9, org.springframework.boot.test.autoconfigure.restdocs.RestDocsTestExecutionListener@7a10c7e2, org.springframework.boot.test.autoconfigure.web.client.MockRestServiceServerResetTestExecutionListener@5492e1ca, org.springframework.boot.test.autoconfigure.web.servlet.MockMvcPrintOnlyOnFailureTestExecutionListener@9854107, org.springframework.boot.test.autoconfigure.web.servlet.WebDriverTestExecutionListener@1d0ea899, org.springframework.boot.test.mock.mockito.ResetMocksTestExecutionListener@615d530d]
16:07:55.781 [Test worker] DEBUG org.springframework.test.annotation.ProfileValueUtils - Retrieved @ProfileValueSourceConfiguration [null] for test class [com.vedran.serviceb.ServiceBApplicationTests]
16:07:55.781 [Test worker] DEBUG org.springframework.test.annotation.ProfileValueUtils - Retrieved ProfileValueSource type [class org.springframework.test.annotation.SystemProfileValueSource] for class [com.vedran.serviceb.ServiceBApplicationTests]
16:07:55.782 [Test worker] DEBUG org.springframework.test.annotation.ProfileValueUtils - Retrieved @ProfileValueSourceConfiguration [null] for test class [com.vedran.serviceb.ServiceBApplicationTests]
16:07:55.782 [Test worker] DEBUG org.springframework.test.annotation.ProfileValueUtils - Retrieved ProfileValueSource type [class org.springframework.test.annotation.SystemProfileValueSource] for class [com.vedran.serviceb.ServiceBApplicationTests]
16:07:55.796 [Test worker] DEBUG org.springframework.test.context.support.AbstractDirtiesContextTestExecutionListener - Before test class: context [DefaultTestContext@111072ed testClass = ServiceBApplicationTests, testInstance = [null], testMethod = [null], testException = [null], mergedContextConfiguration = [WebMergedContextConfiguration@75ca62ed testClass = ServiceBApplicationTests, locations = '{}', classes = '{class com.vedran.serviceb.ServiceBApplication}', contextInitializerClasses = '[]', activeProfiles = '{}', propertySourceLocations = '{}', propertySourceProperties = '{org.springframework.boot.test.context.SpringBootTestContextBootstrapper=true}', contextCustomizers = set[org.springframework.boot.test.autoconfigure.properties.PropertyMappingContextCustomizer@0, org.springframework.boot.test.autoconfigure.web.servlet.WebDriverContextCustomizerFactory$Customizer@11aa2a34, org.springframework.boot.test.context.filter.ExcludeFilterContextCustomizer@478cb3d9, org.springframework.boot.test.json.DuplicateJsonObjectContextCustomizerFactory$DuplicateJsonObjectContextCustomizer@7e6156da, org.springframework.boot.test.mock.mockito.MockitoContextCustomizer@0, org.springframework.boot.test.web.client.TestRestTemplateContextCustomizer@3bbfaf8b], resourceBasePath = 'src/main/webapp', contextLoader = 'org.springframework.boot.test.context.SpringBootContextLoader', parent = [null]], attributes = map['org.springframework.test.context.web.ServletTestExecutionListener.activateListener' -> true]], class annotated with @DirtiesContext [false] with mode [null].
16:07:55.796 [Test worker] DEBUG org.springframework.test.annotation.ProfileValueUtils - Retrieved @ProfileValueSourceConfiguration [null] for test class [com.vedran.serviceb.ServiceBApplicationTests]
16:07:55.796 [Test worker] DEBUG org.springframework.test.annotation.ProfileValueUtils - Retrieved ProfileValueSource type [class org.springframework.test.annotation.SystemProfileValueSource] for class [com.vedran.serviceb.ServiceBApplicationTests]
16:07:55.818 [Test worker] DEBUG org.springframework.test.context.support.TestPropertySourceUtils - Adding inlined properties to environment: {spring.jmx.enabled=false, org.springframework.boot.test.context.SpringBootTestContextBootstrapper=true, server.port=-1}

  .   ____          _            __ _ _
 /\\ / ___'_ __ _ _(_)_ __  __ _ \ \ \ \
( ( )\___ | '_ | '_| | '_ \/ _` | \ \ \ \
 \\/  ___)| |_)| | | | | || (_| |  ) ) ) )
  '  |____| .__|_| |_|_| |_\__, | / / / /
 =========|_|==============|___/=/_/_/_/
 :: Spring Boot ::        (v2.1.0.RELEASE)

2018-12-11 16:07:57.766  INFO 16358 --- [    Test worker] c.v.serviceb.ServiceBApplicationTests    : Starting ServiceBApplicationTests on ubuntuveca with PID 16358 (started by vedran in /home/vedran/workspace/service-b)
2018-12-11 16:07:57.796  INFO 16358 --- [    Test worker] c.v.serviceb.ServiceBApplicationTests    : No active profile set, falling back to default profiles: default
2018-12-11 16:08:07.839  INFO 16358 --- [    Test worker] .s.d.r.c.RepositoryConfigurationDelegate : Bootstrapping Spring Data repositories in DEFAULT mode.
2018-12-11 16:08:08.141  INFO 16358 --- [    Test worker] .s.d.r.c.RepositoryConfigurationDelegate : Finished Spring Data repository scanning in 240ms. Found 1 repository interfaces.
2018-12-11 16:08:08.932  INFO 16358 --- [    Test worker] trationDelegate$BeanPostProcessorChecker : Bean 'org.springframework.amqp.rabbit.annotation.RabbitBootstrapConfiguration' of type [org.springframework.amqp.rabbit.annotation.RabbitBootstrapConfiguration$$EnhancerBySpringCGLIB$$f0e8c3de] is not eligible for getting processed by all BeanPostProcessors (for example: not eligible for auto-proxying)
2018-12-11 16:08:09.026  INFO 16358 --- [    Test worker] trationDelegate$BeanPostProcessorChecker : Bean 'org.springframework.transaction.annotation.ProxyTransactionManagementConfiguration' of type [org.springframework.transaction.annotation.ProxyTransactionManagementConfiguration$$EnhancerBySpringCGLIB$$2a7d05b0] is not eligible for getting processed by all BeanPostProcessors (for example: not eligible for auto-proxying)
2018-12-11 16:08:09.466  INFO 16358 --- [    Test worker] com.zaxxer.hikari.HikariDataSource       : HikariPool-1 - Starting...
2018-12-11 16:08:11.922  INFO 16358 --- [    Test worker] com.zaxxer.hikari.HikariDataSource       : HikariPool-1 - Start completed.
2018-12-11 16:08:12.282  INFO 16358 --- [    Test worker] o.hibernate.jpa.internal.util.LogHelper  : HHH000204: Processing PersistenceUnitInfo [
	name: default
	...]
2018-12-11 16:08:12.535  INFO 16358 --- [    Test worker] org.hibernate.Version                    : HHH000412: Hibernate Core {5.3.7.Final}
2018-12-11 16:08:12.536  INFO 16358 --- [    Test worker] org.hibernate.cfg.Environment            : HHH000206: hibernate.properties not found
2018-12-11 16:08:12.783  INFO 16358 --- [    Test worker] o.hibernate.annotations.common.Version   : HCANN000001: Hibernate Commons Annotations {5.0.4.Final}
2018-12-11 16:08:13.101  INFO 16358 --- [    Test worker] org.hibernate.dialect.Dialect            : HHH000400: Using dialect: org.hibernate.dialect.MySQL5Dialect
2018-12-11 16:08:14.144  INFO 16358 --- [    Test worker] o.h.t.schema.internal.SchemaCreatorImpl  : HHH000476: Executing import script 'org.hibernate.tool.schema.internal.exec.ScriptSourceInputNonExistentImpl@2b9b5dbe'
2018-12-11 16:08:14.146  INFO 16358 --- [    Test worker] j.LocalContainerEntityManagerFactoryBean : Initialized JPA EntityManagerFactory for persistence unit 'default'
2018-12-11 16:08:14.628  INFO 16358 --- [    Test worker] o.h.h.i.QueryTranslatorFactoryInitiator  : HHH000397: Using ASTQueryTranslatorFactory
2018-12-11 16:08:17.263  INFO 16358 --- [    Test worker] o.s.s.concurrent.ThreadPoolTaskExecutor  : Initializing ExecutorService 'applicationTaskExecutor'
2018-12-11 16:08:17.398  WARN 16358 --- [    Test worker] aWebConfiguration$JpaWebMvcConfiguration : spring.jpa.open-in-view is enabled by default. Therefore, database queries may be performed during view rendering. Explicitly configure spring.jpa.open-in-view to disable this warning
2018-12-11 16:08:18.521  INFO 16358 --- [    Test worker] o.s.a.r.c.CachingConnectionFactory       : Attempting to connect to: [localhost:5672]
2018-12-11 16:08:19.626  INFO 16358 --- [    Test worker] o.s.a.r.c.CachingConnectionFactory       : Created new connection: rabbitConnectionFactory#24ec1619:0/SimpleConnection@27add073 [delegate=amqp://guest@127.0.0.1:5672/, localPort= 55650]
2018-12-11 16:08:20.244  INFO 16358 --- [    Test worker] c.v.serviceb.ServiceBApplicationTests    : Started ServiceBApplicationTests in 24.418 seconds (JVM running for 29.685)
]]></system-out>
  <system-err><![CDATA[]]></system-err>
</testsuite>
